Wednesday:9/20/2017|10:37:49:547 - [INFO]   - [VIETLOTT][message]: App listening at port 8000
Wednesday:9/20/2017|10:42:28:11 - [INFO]   - [VIETLOTT][message]: App listening at port 8000
Wednesday:9/20/2017|10:42:39:831 - [INFO]   - [VIETLOTT][message]: dbPath = mongodb://vietlott:12345@localhost/Vietlott
Wednesday:9/20/2017|10:42:39:863 - [INFO]   - [VIETLOTT][message]: App listening at port 8000
Wednesday:9/20/2017|10:44:11:904 - [INFO]   - [VIETLOTT][message]: dbPath = mongodb://vietlott:12345@localhost/Vietlott?authSource=admin
Wednesday:9/20/2017|10:44:11:935 - [INFO]   - [VIETLOTT][message]: App listening at port 8000
Wednesday:9/20/2017|10:55:2:878 - [INFO]   - [VIETLOTT][message]: dbPath = mongodb://vietlott:12345@localhost/Vietlott
Wednesday:9/20/2017|10:55:2:908 - [INFO]   - [VIETLOTT][message]: App listening at port 8000
Wednesday:9/20/2017|11:9:43:838 - [INFO]   - [VIETLOTT][message]: dbPath = mongodb://vietlott:123456@localhost/Vietlott
Wednesday:9/20/2017|11:9:43:870 - [INFO]   - [VIETLOTT][message]: App listening at port 8000
Wednesday:9/20/2017|11:11:15:325 - [INFO]   - [VIETLOTT][message]: dbPath = mongodb://vietlott:123456@localhost/Vietlott
Wednesday:9/20/2017|11:11:15:356 - [INFO]   - [VIETLOTT][message]: App listening at port 8000
Wednesday:9/20/2017|11:11:43:801 - [INFO]   - [VIETLOTT][message]: dbPath = mongodb://vietlott:123456@localhost/Vietlott
Wednesday:9/20/2017|11:11:43:832 - [INFO]   - [VIETLOTT][message]: App listening at port 8000
Wednesday:9/20/2017|11:11:47:525 - [INFO]   - [VIETLOTT][message]: [object Object]
Wednesday:9/20/2017|11:12:13:574 - [INFO]   - [VIETLOTT][message]: dbPath = mongodb://vietlott:123456@localhost/Vietlott
Wednesday:9/20/2017|11:12:13:613 - [INFO]   - [VIETLOTT][message]: App listening at port 8000
Wednesday:9/20/2017|11:13:2:888 - [INFO]   - [VIETLOTT][message]: dbPath = mongodb://vietlott:123456@localhost/Vietlott
Wednesday:9/20/2017|11:13:2:923 - [INFO]   - [VIETLOTT][message]: App listening at port 8000
Wednesday:9/20/2017|11:13:5:583 - [INFO]   - [VIETLOTT][message]: dbPath = mongodb://vietlott:123456@localhost/Vietlott
Wednesday:9/20/2017|11:13:5:614 - [INFO]   - [VIETLOTT][message]: App listening at port 8000
Wednesday:9/20/2017|11:13:22:164 - [INFO]   - [VIETLOTT][message]: dbPath = mongodb://vietlott:123456@localhost/Vietlott
Wednesday:9/20/2017|11:13:22:196 - [INFO]   - [VIETLOTT][message]: App listening at port 8000
Wednesday:9/20/2017|11:13:25:343 - [INFO]   - [VIETLOTT][message]: dbPath = mongodb://vietlott:123456@localhost/Vietlott
Wednesday:9/20/2017|11:13:25:375 - [INFO]   - [VIETLOTT][message]: App listening at port 8000
Wednesday:9/20/2017|11:13:31:327 - [ERROR]   - [VIETLOTT][message]: null
Wednesday:9/20/2017|11:13:31:327 - [INFO]   - [VIETLOTT][message]: { __v: 0, _id: 59c1eaeb32c84e63f9b7d9a0, age: 25, name: 'bao' }
